<?xml version="1.0" encoding="UTF-8"?>
<!-- Generated by org.testng.reporters.JUnitReportReporter -->
<testsuite hostname="DESKTOP-8I17EST" failures="0" tests="1" name="com.obs.tests.LoginTest" time="11.351" errors="0" timestamp="2024-02-16T11:44:35 IST" skipped="0">
  <testcase classname="com.obs.tests.LoginTest" name="verifyLogin" time="11.351"/>
</testsuite> <!-- com.obs.tests.LoginTest -->
