<?xml version="1.0" encoding="UTF-8"?>
<!-- Generated by org.testng.reporters.JUnitReportReporter -->
<testsuite hostname="DESKTOP-8I17EST" failures="0" tests="1" name="com.obs.tests.VerifyDepositAmount" time="20.832" errors="0" timestamp="2024-02-19T13:38:32 IST" skipped="0">
  <testcase classname="com.obs.tests.VerifyDepositAmount" name="verifyDepositAmount" time="20.832"/>
</testsuite> <!-- com.obs.tests.VerifyDepositAmount -->
