<?xml version="1.0" encoding="UTF-8"?>
<!-- Generated by org.testng.reporters.JUnitReportReporter -->
<testsuite hostname="DESKTOP-8I17EST" failures="0" tests="1" name="com.obs.tests.VerifyUserLogin" time="14.684" errors="0" timestamp="2024-02-16T11:44:35 IST" skipped="0">
  <testcase classname="com.obs.tests.VerifyUserLogin" name="verifyUserLogin" time="14.684"/>
</testsuite> <!-- com.obs.tests.VerifyUserLogin -->
